[0.083s] DEBUG:colcon:Command line arguments: ['/usr/bin/colcon', 'build', '--packages-select', 'canopen_bridge']
[0.083s] DEBUG:colcon:Parsed command line arguments: Namespace(log_base=None, log_level=None, verb_name='build', build_base='build', install_base='install', merge_install=False, symlink_install=False, test_result_base=None, continue_on_error=False, executor='parallel', parallel_workers=22, event_handlers=None, ignore_user_meta=False, metas=['./colcon.meta'], base_paths=['.'], packages_ignore=None, packages_ignore_regex=None, paths=None, packages_up_to=None, packages_up_to_regex=None, packages_above=None, packages_above_and_dependencies=None, packages_above_depth=None, packages_select_by_dep=None, packages_skip_by_dep=None, packages_skip_up_to=None, packages_select_build_failed=False, packages_skip_build_finished=False, packages_select_test_failures=False, packages_skip_test_passed=False, packages_select=['canopen_bridge'], packages_skip=None, packages_select_regex=None, packages_skip_regex=None, packages_start=None, packages_end=None, allow_overriding=[], cmake_args=None, cmake_target=None, cmake_target_skip_unavailable=False, cmake_clean_cache=False, cmake_clean_first=False, cmake_force_configure=False, ament_cmake_args=None, catkin_cmake_args=None, catkin_skip_building_tests=False, mixin_files=None, mixin=None, verb_parser=<colcon_mixin.mixin.mixin_argument.MixinArgumentDecorator object at 0x7cdae7ca42b0>, verb_extension=<colcon_core.verb.build.BuildVerb object at 0x7cdae7c6bd00>, main=<bound method BuildVerb.main of <colcon_core.verb.build.BuildVerb object at 0x7cdae7c6bd00>>, mixin_verb=('build',))
[0.262s] Level 1:colcon.colcon_core.package_discovery:discover_packages(colcon_meta) check parameters
[0.262s] Level 1:colcon.colcon_core.package_discovery:discover_packages(recursive) check parameters
[0.262s] Level 1:colcon.colcon_core.package_discovery:discover_packages(ignore) check parameters
[0.262s] Level 1:colcon.colcon_core.package_discovery:discover_packages(path) check parameters
[0.262s] Level 1:colcon.colcon_core.package_discovery:discover_packages(colcon_meta) discover
[0.262s] Level 1:colcon.colcon_core.package_discovery:discover_packages(recursive) discover
[0.262s] INFO:colcon.colcon_core.package_discovery:Crawling recursively for packages in '/home/vakodu/ros2_ws'
[0.262s] Level 1:colcon.colcon_core.package_identification:_identify(.) by extensions ['ignore', 'ignore_ament_install']
[0.262s] Level 1:colcon.colcon_core.package_identification:_identify(.) by extension 'ignore'
[0.262s] Level 1:colcon.colcon_core.package_identification:_identify(.) by extension 'ignore_ament_install'
[0.262s] Level 1:colcon.colcon_core.package_identification:_identify(.) by extensions ['colcon_pkg']
[0.262s] Level 1:colcon.colcon_core.package_identification:_identify(.) by extension 'colcon_pkg'
[0.262s] Level 1:colcon.colcon_core.package_identification:_identify(.) by extensions ['colcon_meta']
[0.262s] Level 1:colcon.colcon_core.package_identification:_identify(.) by extension 'colcon_meta'
[0.262s] Level 1:colcon.colcon_core.package_identification:_identify(.) by extensions ['ros']
[0.262s] Level 1:colcon.colcon_core.package_identification:_identify(.) by extension 'ros'
[0.273s] Level 1:colcon.colcon_core.package_identification:_identify(.) by extensions ['cmake', 'python']
[0.273s] Level 1:colcon.colcon_core.package_identification:_identify(.) by extension 'cmake'
[0.273s] Level 1:colcon.colcon_core.package_identification:_identify(.) by extension 'python'
[0.273s] Level 1:colcon.colcon_core.package_identification:_identify(.) by extensions ['python_setup_py']
[0.273s] Level 1:colcon.colcon_core.package_identification:_identify(.) by extension 'python_setup_py'
[0.273s] Level 1:colcon.colcon_core.package_identification:_identify(build) by extensions ['ignore', 'ignore_ament_install']
[0.273s] Level 1:colcon.colcon_core.package_identification:_identify(build) by extension 'ignore'
[0.274s] Level 1:colcon.colcon_core.package_identification:_identify(build) ignored
[0.274s] Level 1:colcon.colcon_core.package_identification:_identify(install) by extensions ['ignore', 'ignore_ament_install']
[0.274s] Level 1:colcon.colcon_core.package_identification:_identify(install) by extension 'ignore'
[0.274s] Level 1:colcon.colcon_core.package_identification:_identify(install) ignored
[0.274s] Level 1:colcon.colcon_core.package_identification:_identify(log) by extensions ['ignore', 'ignore_ament_install']
[0.274s] Level 1:colcon.colcon_core.package_identification:_identify(log) by extension 'ignore'
[0.274s] Level 1:colcon.colcon_core.package_identification:_identify(log) ignored
[0.274s] Level 1:colcon.colcon_core.package_identification:_identify(src) by extensions ['ignore', 'ignore_ament_install']
[0.274s] Level 1:colcon.colcon_core.package_identification:_identify(src) by extension 'ignore'
[0.274s] Level 1:colcon.colcon_core.package_identification:_identify(src) by extension 'ignore_ament_install'
[0.274s] Level 1:colcon.colcon_core.package_identification:_identify(src) by extensions ['colcon_pkg']
[0.274s] Level 1:colcon.colcon_core.package_identification:_identify(src) by extension 'colcon_pkg'
[0.274s] Level 1:colcon.colcon_core.package_identification:_identify(src) by extensions ['colcon_meta']
[0.274s] Level 1:colcon.colcon_core.package_identification:_identify(src) by extension 'colcon_meta'
[0.274s] Level 1:colcon.colcon_core.package_identification:_identify(src) by extensions ['ros']
[0.274s] Level 1:colcon.colcon_core.package_identification:_identify(src) by extension 'ros'
[0.274s] Level 1:colcon.colcon_core.package_identification:_identify(src) by extensions ['cmake', 'python']
[0.274s] Level 1:colcon.colcon_core.package_identification:_identify(src) by extension 'cmake'
[0.274s] Level 1:colcon.colcon_core.package_identification:_identify(src) by extension 'python'
[0.274s] Level 1:colcon.colcon_core.package_identification:_identify(src) by extensions ['python_setup_py']
[0.274s] Level 1:colcon.colcon_core.package_identification:_identify(src) by extension 'python_setup_py'
[0.274s] Level 1:colcon.colcon_core.package_identification:_identify(src/canopen_bridge) by extensions ['ignore', 'ignore_ament_install']
[0.274s] Level 1:colcon.colcon_core.package_identification:_identify(src/canopen_bridge) by extension 'ignore'
[0.274s] Level 1:colcon.colcon_core.package_identification:_identify(src/canopen_bridge) by extension 'ignore_ament_install'
[0.274s] Level 1:colcon.colcon_core.package_identification:_identify(src/canopen_bridge) by extensions ['colcon_pkg']
[0.274s] Level 1:colcon.colcon_core.package_identification:_identify(src/canopen_bridge) by extension 'colcon_pkg'
[0.274s] Level 1:colcon.colcon_core.package_identification:_identify(src/canopen_bridge) by extensions ['colcon_meta']
[0.274s] Level 1:colcon.colcon_core.package_identification:_identify(src/canopen_bridge) by extension 'colcon_meta'
[0.274s] Level 1:colcon.colcon_core.package_identification:_identify(src/canopen_bridge) by extensions ['ros']
[0.274s] Level 1:colcon.colcon_core.package_identification:_identify(src/canopen_bridge) by extension 'ros'
[0.277s] DEBUG:colcon.colcon_core.package_identification:Package 'src/canopen_bridge' with type 'ros.ament_cmake' and name 'canopen_bridge'
[0.277s] Level 1:colcon.colcon_core.package_discovery:discover_packages(recursive) using defaults
[0.277s] Level 1:colcon.colcon_core.package_discovery:discover_packages(ignore) discover
[0.277s] Level 1:colcon.colcon_core.package_discovery:discover_packages(ignore) using defaults
[0.277s] Level 1:colcon.colcon_core.package_discovery:discover_packages(path) discover
[0.277s] Level 1:colcon.colcon_core.package_discovery:discover_packages(path) using defaults
[0.290s] Level 1:colcon.colcon_core.package_discovery:discover_packages(prefix_path) check parameters
[0.290s] Level 1:colcon.colcon_core.package_discovery:discover_packages(prefix_path) discover
[0.292s] DEBUG:colcon.colcon_installed_package_information.package_discovery:Found 363 installed packages in /opt/ros/humble
[0.294s] Level 1:colcon.colcon_core.package_discovery:discover_packages(prefix_path) using defaults
[0.317s] Level 5:colcon.colcon_core.verb:set package 'canopen_bridge' build argument 'cmake_args' from command line to 'None'
[0.317s] Level 5:colcon.colcon_core.verb:set package 'canopen_bridge' build argument 'cmake_target' from command line to 'None'
[0.317s] Level 5:colcon.colcon_core.verb:set package 'canopen_bridge' build argument 'cmake_target_skip_unavailable' from command line to 'False'
[0.317s] Level 5:colcon.colcon_core.verb:set package 'canopen_bridge' build argument 'cmake_clean_cache' from command line to 'False'
[0.317s] Level 5:colcon.colcon_core.verb:set package 'canopen_bridge' build argument 'cmake_clean_first' from command line to 'False'
[0.317s] Level 5:colcon.colcon_core.verb:set package 'canopen_bridge' build argument 'cmake_force_configure' from command line to 'False'
[0.317s] Level 5:colcon.colcon_core.verb:set package 'canopen_bridge' build argument 'ament_cmake_args' from command line to 'None'
[0.317s] Level 5:colcon.colcon_core.verb:set package 'canopen_bridge' build argument 'catkin_cmake_args' from command line to 'None'
[0.317s] Level 5:colcon.colcon_core.verb:set package 'canopen_bridge' build argument 'catkin_skip_building_tests' from command line to 'False'
[0.317s] DEBUG:colcon.colcon_core.verb:Building package 'canopen_bridge' with the following arguments: {'ament_cmake_args': None, 'build_base': '/home/vakodu/ros2_ws/build/canopen_bridge', 'catkin_cmake_args': None, 'catkin_skip_building_tests': False, 'cmake_args': None, 'cmake_clean_cache': False, 'cmake_clean_first': False, 'cmake_force_configure': False, 'cmake_target': None, 'cmake_target_skip_unavailable': False, 'install_base': '/home/vakodu/ros2_ws/install/canopen_bridge', 'merge_install': False, 'path': '/home/vakodu/ros2_ws/src/canopen_bridge', 'symlink_install': False, 'test_result_base': None}
[0.317s] INFO:colcon.colcon_core.executor:Executing jobs using 'parallel' executor
[0.318s] DEBUG:colcon.colcon_parallel_executor.executor.parallel:run_until_complete
[0.318s] INFO:colcon.colcon_ros.task.ament_cmake.build:Building ROS package in '/home/vakodu/ros2_ws/src/canopen_bridge' with build type 'ament_cmake'
[0.318s] INFO:colcon.colcon_cmake.task.cmake.build:Building CMake package in '/home/vakodu/ros2_ws/src/canopen_bridge'
[0.321s] INFO:colcon.colcon_core.plugin_system:Skipping extension 'colcon_core.shell.bat': Not used on non-Windows systems
[0.321s] INFO:colcon.colcon_core.shell:Skip shell extension 'powershell' for command environment: Not usable outside of PowerShell
[0.321s] DEBUG:colcon.colcon_core.shell:Skip shell extension 'dsv' for command environment
[0.330s] DEBUG:colcon.colcon_core.event_handler.log_command:Invoking command in '/home/vakodu/ros2_ws/build/canopen_bridge': CMAKE_PREFIX_PATH=/opt/ros/humble /usr/bin/cmake /home/vakodu/ros2_ws/src/canopen_bridge -DCMAKE_INSTALL_PREFIX=/home/vakodu/ros2_ws/install/canopen_bridge
[1.245s] DEBUG:colcon.colcon_core.event_handler.log_command:Invoked command in '/home/vakodu/ros2_ws/build/canopen_bridge' returned '0': CMAKE_PREFIX_PATH=/opt/ros/humble /usr/bin/cmake /home/vakodu/ros2_ws/src/canopen_bridge -DCMAKE_INSTALL_PREFIX=/home/vakodu/ros2_ws/install/canopen_bridge
[1.248s] DEBUG:colcon.colcon_core.event_handler.log_command:Invoking command in '/home/vakodu/ros2_ws/build/canopen_bridge': CMAKE_PREFIX_PATH=/opt/ros/humble /usr/bin/cmake --build /home/vakodu/ros2_ws/build/canopen_bridge -- -j22 -l22
[6.482s] DEBUG:colcon.colcon_core.event_handler.log_command:Invoked command in '/home/vakodu/ros2_ws/build/canopen_bridge' returned '0': CMAKE_PREFIX_PATH=/opt/ros/humble /usr/bin/cmake --build /home/vakodu/ros2_ws/build/canopen_bridge -- -j22 -l22
[6.492s] DEBUG:colcon.colcon_core.event_handler.log_command:Invoking command in '/home/vakodu/ros2_ws/build/canopen_bridge': CMAKE_PREFIX_PATH=/opt/ros/humble /usr/bin/cmake --install /home/vakodu/ros2_ws/build/canopen_bridge
[6.500s] Level 1:colcon.colcon_core.environment:create_environment_scripts_only(canopen_bridge)
[6.501s] DEBUG:colcon.colcon_core.event_handler.log_command:Invoked command in '/home/vakodu/ros2_ws/build/canopen_bridge' returned '0': CMAKE_PREFIX_PATH=/opt/ros/humble /usr/bin/cmake --install /home/vakodu/ros2_ws/build/canopen_bridge
[6.505s] Level 1:colcon.colcon_core.environment:checking '/home/vakodu/ros2_ws/install/canopen_bridge' for CMake module files
[6.505s] Level 1:colcon.colcon_core.environment:checking '/home/vakodu/ros2_ws/install/canopen_bridge' for CMake config files
[6.505s] Level 1:colcon.colcon_core.shell:create_environment_hook('canopen_bridge', 'cmake_prefix_path')
[6.505s] INFO:colcon.colcon_core.shell:Creating environment hook '/home/vakodu/ros2_ws/install/canopen_bridge/share/canopen_bridge/hook/cmake_prefix_path.ps1'
[6.506s] INFO:colcon.colcon_core.shell:Creating environment descriptor '/home/vakodu/ros2_ws/install/canopen_bridge/share/canopen_bridge/hook/cmake_prefix_path.dsv'
[6.506s] INFO:colcon.colcon_core.shell:Creating environment hook '/home/vakodu/ros2_ws/install/canopen_bridge/share/canopen_bridge/hook/cmake_prefix_path.sh'
[6.507s] Level 1:colcon.colcon_core.environment:checking '/home/vakodu/ros2_ws/install/canopen_bridge/lib'
[6.507s] Level 1:colcon.colcon_core.environment:checking '/home/vakodu/ros2_ws/install/canopen_bridge/bin'
[6.507s] Level 1:colcon.colcon_core.environment:checking '/home/vakodu/ros2_ws/install/canopen_bridge/lib/pkgconfig/canopen_bridge.pc'
[6.507s] Level 1:colcon.colcon_core.environment:checking '/home/vakodu/ros2_ws/install/canopen_bridge/lib/python3.10/site-packages'
[6.507s] Level 1:colcon.colcon_core.environment:checking '/home/vakodu/ros2_ws/install/canopen_bridge/bin'
[6.507s] INFO:colcon.colcon_core.shell:Creating package script '/home/vakodu/ros2_ws/install/canopen_bridge/share/canopen_bridge/package.ps1'
[6.508s] INFO:colcon.colcon_core.shell:Creating package descriptor '/home/vakodu/ros2_ws/install/canopen_bridge/share/canopen_bridge/package.dsv'
[6.508s] INFO:colcon.colcon_core.shell:Creating package script '/home/vakodu/ros2_ws/install/canopen_bridge/share/canopen_bridge/package.sh'
[6.509s] INFO:colcon.colcon_core.shell:Creating package script '/home/vakodu/ros2_ws/install/canopen_bridge/share/canopen_bridge/package.bash'
[6.509s] INFO:colcon.colcon_core.shell:Creating package script '/home/vakodu/ros2_ws/install/canopen_bridge/share/canopen_bridge/package.zsh'
[6.510s] Level 1:colcon.colcon_core.environment:create_file_with_runtime_dependencies(/home/vakodu/ros2_ws/install/canopen_bridge/share/colcon-core/packages/canopen_bridge)
[6.511s] Level 1:colcon.colcon_core.environment:create_environment_scripts_only(canopen_bridge)
[6.511s] Level 1:colcon.colcon_core.environment:checking '/home/vakodu/ros2_ws/install/canopen_bridge' for CMake module files
[6.511s] Level 1:colcon.colcon_core.environment:checking '/home/vakodu/ros2_ws/install/canopen_bridge' for CMake config files
[6.511s] Level 1:colcon.colcon_core.shell:create_environment_hook('canopen_bridge', 'cmake_prefix_path')
[6.512s] INFO:colcon.colcon_core.shell:Creating environment hook '/home/vakodu/ros2_ws/install/canopen_bridge/share/canopen_bridge/hook/cmake_prefix_path.ps1'
[6.512s] INFO:colcon.colcon_core.shell:Creating environment descriptor '/home/vakodu/ros2_ws/install/canopen_bridge/share/canopen_bridge/hook/cmake_prefix_path.dsv'
[6.512s] INFO:colcon.colcon_core.shell:Creating environment hook '/home/vakodu/ros2_ws/install/canopen_bridge/share/canopen_bridge/hook/cmake_prefix_path.sh'
[6.512s] Level 1:colcon.colcon_core.environment:checking '/home/vakodu/ros2_ws/install/canopen_bridge/lib'
[6.512s] Level 1:colcon.colcon_core.environment:checking '/home/vakodu/ros2_ws/install/canopen_bridge/bin'
[6.512s] Level 1:colcon.colcon_core.environment:checking '/home/vakodu/ros2_ws/install/canopen_bridge/lib/pkgconfig/canopen_bridge.pc'
[6.513s] Level 1:colcon.colcon_core.environment:checking '/home/vakodu/ros2_ws/install/canopen_bridge/lib/python3.10/site-packages'
[6.513s] Level 1:colcon.colcon_core.environment:checking '/home/vakodu/ros2_ws/install/canopen_bridge/bin'
[6.513s] INFO:colcon.colcon_core.shell:Creating package script '/home/vakodu/ros2_ws/install/canopen_bridge/share/canopen_bridge/package.ps1'
[6.513s] INFO:colcon.colcon_core.shell:Creating package descriptor '/home/vakodu/ros2_ws/install/canopen_bridge/share/canopen_bridge/package.dsv'
[6.513s] INFO:colcon.colcon_core.shell:Creating package script '/home/vakodu/ros2_ws/install/canopen_bridge/share/canopen_bridge/package.sh'
[6.514s] INFO:colcon.colcon_core.shell:Creating package script '/home/vakodu/ros2_ws/install/canopen_bridge/share/canopen_bridge/package.bash'
[6.514s] INFO:colcon.colcon_core.shell:Creating package script '/home/vakodu/ros2_ws/install/canopen_bridge/share/canopen_bridge/package.zsh'
[6.514s] Level 1:colcon.colcon_core.environment:create_file_with_runtime_dependencies(/home/vakodu/ros2_ws/install/canopen_bridge/share/colcon-core/packages/canopen_bridge)
[6.514s] DEBUG:colcon.colcon_parallel_executor.executor.parallel:closing loop
[6.514s] DEBUG:colcon.colcon_parallel_executor.executor.parallel:loop closed
[6.514s] DEBUG:colcon.colcon_parallel_executor.executor.parallel:run_until_complete finished with '0'
[6.514s] DEBUG:colcon.colcon_core.event_reactor:joining thread
[6.520s] INFO:colcon.colcon_core.plugin_system:Skipping extension 'colcon_notification.desktop_notification.terminal_notifier': Not used on non-Darwin systems
[6.520s] INFO:colcon.colcon_core.plugin_system:Skipping extension 'colcon_notification.desktop_notification.win32': Not used on non-Windows systems
[6.520s] INFO:colcon.colcon_notification.desktop_notification:Sending desktop notification using 'notify2'
[6.538s] DEBUG:colcon.colcon_core.event_reactor:joined thread
[6.539s] INFO:colcon.colcon_core.shell:Creating prefix script '/home/vakodu/ros2_ws/install/local_setup.ps1'
[6.540s] INFO:colcon.colcon_core.shell:Creating prefix util module '/home/vakodu/ros2_ws/install/_local_setup_util_ps1.py'
[6.542s] INFO:colcon.colcon_core.shell:Creating prefix chain script '/home/vakodu/ros2_ws/install/setup.ps1'
[6.543s] INFO:colcon.colcon_core.shell:Creating prefix script '/home/vakodu/ros2_ws/install/local_setup.sh'
[6.543s] INFO:colcon.colcon_core.shell:Creating prefix util module '/home/vakodu/ros2_ws/install/_local_setup_util_sh.py'
[6.544s] INFO:colcon.colcon_core.shell:Creating prefix chain script '/home/vakodu/ros2_ws/install/setup.sh'
[6.544s] INFO:colcon.colcon_core.shell:Creating prefix script '/home/vakodu/ros2_ws/install/local_setup.bash'
[6.545s] INFO:colcon.colcon_core.shell:Creating prefix chain script '/home/vakodu/ros2_ws/install/setup.bash'
[6.545s] INFO:colcon.colcon_core.shell:Creating prefix script '/home/vakodu/ros2_ws/install/local_setup.zsh'
[6.546s] INFO:colcon.colcon_core.shell:Creating prefix chain script '/home/vakodu/ros2_ws/install/setup.zsh'
