[0.011s] Invoking command in '/home/vakodu/ros2_ws/build/canopen_bridge': CMAKE_PREFIX_PATH=/opt/ros/humble /usr/bin/cmake /home/vakodu/ros2_ws/src/canopen_bridge -DCMAKE_INSTALL_PREFIX=/home/vakodu/ros2_ws/install/canopen_bridge
[0.096s] -- The C compiler identification is GNU 11.4.0
[0.161s] -- The CXX compiler identification is GNU 11.4.0
[0.168s] -- Detecting C compiler ABI info
[0.220s] -- Detecting C compiler ABI info - done
[0.226s] -- Check for working C compiler: /usr/bin/cc - skipped
[0.228s] -- Detecting C compile features
[0.228s] -- Detecting C compile features - done
[0.230s] -- Detecting CXX compiler ABI info
[0.289s] -- Detecting CXX compiler ABI info - done
[0.294s] -- Check for working CXX compiler: /usr/bin/c++ - skipped
[0.294s] -- Detecting CXX compile features
[0.294s] -- Detecting CXX compile features - done
[0.300s] -- Found ament_cmake: 1.3.11 (/opt/ros/humble/share/ament_cmake/cmake)
[0.401s] -- Found Python3: /usr/bin/python3 (found version "3.10.12") found components: Interpreter 
[0.464s] -- Found rclcpp: 16.0.12 (/opt/ros/humble/share/rclcpp/cmake)
[0.501s] -- Found rosidl_generator_c: 3.1.6 (/opt/ros/humble/share/rosidl_generator_c/cmake)
[0.505s] -- Found rosidl_adapter: 3.1.6 (/opt/ros/humble/share/rosidl_adapter/cmake)
[0.511s] -- Found rosidl_generator_cpp: 3.1.6 (/opt/ros/humble/share/rosidl_generator_cpp/cmake)
[0.521s] -- Using all available rosidl_typesupport_c: rosidl_typesupport_fastrtps_c;rosidl_typesupport_introspection_c
[0.532s] -- Using all available rosidl_typesupport_cpp: rosidl_typesupport_fastrtps_cpp;rosidl_typesupport_introspection_cpp
[0.564s] -- Found rmw_implementation_cmake: 6.1.2 (/opt/ros/humble/share/rmw_implementation_cmake/cmake)
[0.566s] -- Found rmw_fastrtps_cpp: 6.2.7 (/opt/ros/humble/share/rmw_fastrtps_cpp/cmake)
[0.644s] -- Found OpenSSL: /usr/lib/x86_64-linux-gnu/libcrypto.so (found version "3.0.2")  
[0.662s] -- Found FastRTPS: /opt/ros/humble/include  
[0.691s] -- Using RMW implementation 'rmw_fastrtps_cpp' as default
[0.698s] -- Looking for pthread.h
[0.758s] -- Looking for pthread.h - found
[0.758s] -- Performing Test CMAKE_HAVE_LIBC_PTHREAD
[0.821s] -- Performing Test CMAKE_HAVE_LIBC_PTHREAD - Success
[0.822s] -- Found Threads: TRUE  
[0.863s] -- Found geometry_msgs: 4.8.0 (/opt/ros/humble/share/geometry_msgs/cmake)
[0.915s] -- Configuring done
[0.919s] -- Generating done
[0.921s] -- Build files have been written to: /home/vakodu/ros2_ws/build/canopen_bridge
[0.927s] Invoked command in '/home/vakodu/ros2_ws/build/canopen_bridge' returned '0': CMAKE_PREFIX_PATH=/opt/ros/humble /usr/bin/cmake /home/vakodu/ros2_ws/src/canopen_bridge -DCMAKE_INSTALL_PREFIX=/home/vakodu/ros2_ws/install/canopen_bridge
[0.929s] Invoking command in '/home/vakodu/ros2_ws/build/canopen_bridge': CMAKE_PREFIX_PATH=/opt/ros/humble /usr/bin/cmake --build /home/vakodu/ros2_ws/build/canopen_bridge -- -j22 -l22
[0.972s] [ 33%] [32mBuilding CXX object CMakeFiles/canopen_bridge_node.dir/src/canopen_bridge_node.cpp.o[0m
[0.972s] [ 66%] [32mBuilding CXX object CMakeFiles/canopen_bridge_node.dir/src/canopen_interface.cpp.o[0m
[5.909s] [100%] [32m[1mLinking CXX executable canopen_bridge_node[0m
[6.152s] [100%] Built target canopen_bridge_node
[6.164s] Invoked command in '/home/vakodu/ros2_ws/build/canopen_bridge' returned '0': CMAKE_PREFIX_PATH=/opt/ros/humble /usr/bin/cmake --build /home/vakodu/ros2_ws/build/canopen_bridge -- -j22 -l22
[6.174s] Invoking command in '/home/vakodu/ros2_ws/build/canopen_bridge': CMAKE_PREFIX_PATH=/opt/ros/humble /usr/bin/cmake --install /home/vakodu/ros2_ws/build/canopen_bridge
[6.178s] -- Install configuration: ""
[6.178s] -- Installing: /home/vakodu/ros2_ws/install/canopen_bridge/lib/canopen_bridge/canopen_bridge_node
[6.180s] -- Set runtime path of "/home/vakodu/ros2_ws/install/canopen_bridge/lib/canopen_bridge/canopen_bridge_node" to ""
[6.180s] -- Installing: /home/vakodu/ros2_ws/install/canopen_bridge/share/canopen_bridge/config
[6.180s] -- Installing: /home/vakodu/ros2_ws/install/canopen_bridge/share/canopen_bridge/config/bridge_params.yaml
[6.180s] -- Installing: /home/vakodu/ros2_ws/install/canopen_bridge/share/ament_index/resource_index/package_run_dependencies/canopen_bridge
[6.181s] -- Installing: /home/vakodu/ros2_ws/install/canopen_bridge/share/ament_index/resource_index/parent_prefix_path/canopen_bridge
[6.181s] -- Installing: /home/vakodu/ros2_ws/install/canopen_bridge/share/canopen_bridge/environment/ament_prefix_path.sh
[6.181s] -- Installing: /home/vakodu/ros2_ws/install/canopen_bridge/share/canopen_bridge/environment/ament_prefix_path.dsv
[6.181s] -- Installing: /home/vakodu/ros2_ws/install/canopen_bridge/share/canopen_bridge/environment/path.sh
[6.181s] -- Installing: /home/vakodu/ros2_ws/install/canopen_bridge/share/canopen_bridge/environment/path.dsv
[6.181s] -- Installing: /home/vakodu/ros2_ws/install/canopen_bridge/share/canopen_bridge/local_setup.bash
[6.181s] -- Installing: /home/vakodu/ros2_ws/install/canopen_bridge/share/canopen_bridge/local_setup.sh
[6.181s] -- Installing: /home/vakodu/ros2_ws/install/canopen_bridge/share/canopen_bridge/local_setup.zsh
[6.181s] -- Installing: /home/vakodu/ros2_ws/install/canopen_bridge/share/canopen_bridge/local_setup.dsv
[6.181s] -- Installing: /home/vakodu/ros2_ws/install/canopen_bridge/share/canopen_bridge/package.dsv
[6.181s] -- Installing: /home/vakodu/ros2_ws/install/canopen_bridge/share/ament_index/resource_index/packages/canopen_bridge
[6.181s] -- Installing: /home/vakodu/ros2_ws/install/canopen_bridge/share/canopen_bridge/cmake/canopen_bridgeConfig.cmake
[6.181s] -- Installing: /home/vakodu/ros2_ws/install/canopen_bridge/share/canopen_bridge/cmake/canopen_bridgeConfig-version.cmake
[6.181s] -- Installing: /home/vakodu/ros2_ws/install/canopen_bridge/share/canopen_bridge/package.xml
[6.182s] Invoked command in '/home/vakodu/ros2_ws/build/canopen_bridge' returned '0': CMAKE_PREFIX_PATH=/opt/ros/humble /usr/bin/cmake --install /home/vakodu/ros2_ws/build/canopen_bridge
